mode: set
github.com/TykTechnologies/tyk-identity-broker/backends/in_memory.go:29.52,37.2 6 1
github.com/TykTechnologies/tyk-identity-broker/backends/in_memory.go:40.83,41.17 1 1
github.com/TykTechnologies/tyk-identity-broker/backends/in_memory.go:41.17,43.3 1 0
github.com/TykTechnologies/tyk-identity-broker/backends/in_memory.go:45.2,46.19 2 1
github.com/TykTechnologies/tyk-identity-broker/backends/in_memory.go:46.19,48.3 1 0
github.com/TykTechnologies/tyk-identity-broker/backends/in_memory.go:50.2,53.12 4 1
github.com/TykTechnologies/tyk-identity-broker/backends/in_memory.go:57.62,62.2 4 0
github.com/TykTechnologies/tyk-identity-broker/backends/in_memory.go:65.86,71.9 4 1
github.com/TykTechnologies/tyk-identity-broker/backends/in_memory.go:71.9,73.3 1 0
github.com/TykTechnologies/tyk-identity-broker/backends/in_memory.go:75.2,76.19 2 1
github.com/TykTechnologies/tyk-identity-broker/backends/in_memory.go:76.19,78.3 1 0
github.com/TykTechnologies/tyk-identity-broker/backends/in_memory.go:80.2,80.12 1 1
github.com/TykTechnologies/tyk-identity-broker/backends/in_memory.go:83.62,89.25 4 0
github.com/TykTechnologies/tyk-identity-broker/backends/in_memory.go:89.25,93.20 3 0
github.com/TykTechnologies/tyk-identity-broker/backends/in_memory.go:93.20,95.4 1 0
github.com/TykTechnologies/tyk-identity-broker/backends/in_memory.go:95.9,97.4 1 0
github.com/TykTechnologies/tyk-identity-broker/backends/in_memory.go:99.2,99.15 1 0
github.com/TykTechnologies/tyk-identity-broker/backends/mongo.go:21.42,23.2 0 0
github.com/TykTechnologies/tyk-identity-broker/backends/mongo.go:25.81,30.17 4 0
github.com/TykTechnologies/tyk-identity-broker/backends/mongo.go:30.17,32.3 1 0
github.com/TykTechnologies/tyk-identity-broker/backends/mongo.go:35.2,36.16 2 0
github.com/TykTechnologies/tyk-identity-broker/backends/mongo.go:36.16,37.33 1 0
github.com/TykTechnologies/tyk-identity-broker/backends/mongo.go:37.33,39.4 1 0
github.com/TykTechnologies/tyk-identity-broker/backends/mongo.go:42.2,43.16 2 0
github.com/TykTechnologies/tyk-identity-broker/backends/mongo.go:43.16,45.3 1 0
github.com/TykTechnologies/tyk-identity-broker/backends/mongo.go:47.2,47.12 1 0
github.com/TykTechnologies/tyk-identity-broker/backends/mongo.go:50.79,54.17 3 0
github.com/TykTechnologies/tyk-identity-broker/backends/mongo.go:54.17,56.3 1 0
github.com/TykTechnologies/tyk-identity-broker/backends/mongo.go:58.2,60.16 3 0
github.com/TykTechnologies/tyk-identity-broker/backends/mongo.go:60.16,61.33 1 0
github.com/TykTechnologies/tyk-identity-broker/backends/mongo.go:61.33,63.4 1 0
github.com/TykTechnologies/tyk-identity-broker/backends/mongo.go:68.2,69.16 2 0
github.com/TykTechnologies/tyk-identity-broker/backends/mongo.go:69.16,72.3 2 0
github.com/TykTechnologies/tyk-identity-broker/backends/mongo.go:74.2,74.51 1 0
github.com/TykTechnologies/tyk-identity-broker/backends/mongo.go:74.51,77.3 2 0
github.com/TykTechnologies/tyk-identity-broker/backends/mongo.go:79.2,79.12 1 0
github.com/TykTechnologies/tyk-identity-broker/backends/mongo.go:82.58,86.17 3 0
github.com/TykTechnologies/tyk-identity-broker/backends/mongo.go:86.17,88.3 1 0
github.com/TykTechnologies/tyk-identity-broker/backends/mongo.go:90.2,91.16 2 0
github.com/TykTechnologies/tyk-identity-broker/backends/mongo.go:91.16,93.3 1 0
github.com/TykTechnologies/tyk-identity-broker/backends/mongo.go:95.2,96.35 2 0
github.com/TykTechnologies/tyk-identity-broker/backends/mongo.go:96.35,98.3 1 0
github.com/TykTechnologies/tyk-identity-broker/backends/mongo.go:100.2,100.15 1 0
github.com/TykTechnologies/tyk-identity-broker/backends/mongo.go:103.65,106.17 3 0
github.com/TykTechnologies/tyk-identity-broker/backends/mongo.go:106.17,108.3 1 0
github.com/TykTechnologies/tyk-identity-broker/backends/mongo.go:110.2,111.16 2 0
github.com/TykTechnologies/tyk-identity-broker/backends/mongo.go:111.16,113.3 1 0
github.com/TykTechnologies/tyk-identity-broker/backends/mongo.go:115.2,115.12 1 0
github.com/TykTechnologies/tyk-identity-broker/backends/redis.go:54.34,56.2 1 0
github.com/TykTechnologies/tyk-identity-broker/backends/redis.go:58.68,63.26 3 0
github.com/TykTechnologies/tyk-identity-broker/backends/redis.go:63.26,65.3 1 0
github.com/TykTechnologies/tyk-identity-broker/backends/redis.go:67.2,68.21 2 0
github.com/TykTechnologies/tyk-identity-broker/backends/redis.go:68.21,72.3 1 0
github.com/TykTechnologies/tyk-identity-broker/backends/redis.go:74.2,89.27 3 0
github.com/TykTechnologies/tyk-identity-broker/backends/redis.go:89.27,92.3 2 0
github.com/TykTechnologies/tyk-identity-broker/backends/redis.go:92.8,92.35 1 0
github.com/TykTechnologies/tyk-identity-broker/backends/redis.go:92.35,95.3 2 0
github.com/TykTechnologies/tyk-identity-broker/backends/redis.go:95.8,98.3 2 0
github.com/TykTechnologies/tyk-identity-broker/backends/redis.go:100.2,100.15 1 0
github.com/TykTechnologies/tyk-identity-broker/backends/redis.go:103.57,104.30 1 1
github.com/TykTechnologies/tyk-identity-broker/backends/redis.go:104.30,106.3 1 1
github.com/TykTechnologies/tyk-identity-broker/backends/redis.go:106.8,107.36 1 1
github.com/TykTechnologies/tyk-identity-broker/backends/redis.go:107.36,110.4 2 0
github.com/TykTechnologies/tyk-identity-broker/backends/redis.go:113.2,113.43 1 1
github.com/TykTechnologies/tyk-identity-broker/backends/redis.go:113.43,116.3 2 1
github.com/TykTechnologies/tyk-identity-broker/backends/redis.go:118.2,118.14 1 1
github.com/TykTechnologies/tyk-identity-broker/backends/redis.go:121.39,125.2 2 0
github.com/TykTechnologies/tyk-identity-broker/backends/redis.go:128.49,135.2 6 0
github.com/TykTechnologies/tyk-identity-broker/backends/redis.go:138.56,145.2 5 0
github.com/TykTechnologies/tyk-identity-broker/backends/redis.go:147.80,150.65 2 0
github.com/TykTechnologies/tyk-identity-broker/backends/redis.go:150.65,153.3 2 0
github.com/TykTechnologies/tyk-identity-broker/backends/redis.go:155.2,155.12 1 0
github.com/TykTechnologies/tyk-identity-broker/backends/redis.go:158.80,162.16 4 0
github.com/TykTechnologies/tyk-identity-broker/backends/redis.go:162.16,164.3 1 0
github.com/TykTechnologies/tyk-identity-broker/backends/redis.go:167.2,167.60 1 0
github.com/TykTechnologies/tyk-identity-broker/backends/redis.go:167.60,169.3 1 0
github.com/TykTechnologies/tyk-identity-broker/backends/redis.go:171.2,171.12 1 0
github.com/TykTechnologies/tyk-identity-broker/backends/redis.go:174.50,177.2 1 0
github.com/TykTechnologies/tyk-identity-broker/backends/redis.go:180.56,187.62 5 0
github.com/TykTechnologies/tyk-identity-broker/backends/redis.go:187.62,191.22 3 0
github.com/TykTechnologies/tyk-identity-broker/backends/redis.go:191.22,193.4 1 0
github.com/TykTechnologies/tyk-identity-broker/backends/redis.go:195.3,195.36 1 0
github.com/TykTechnologies/tyk-identity-broker/backends/redis.go:195.36,197.4 1 0
github.com/TykTechnologies/tyk-identity-broker/backends/redis.go:199.3,199.21 1 0
github.com/TykTechnologies/tyk-identity-broker/backends/redis.go:202.2,205.28 3 0
github.com/TykTechnologies/tyk-identity-broker/backends/redis.go:206.28,209.13 2 0
github.com/TykTechnologies/tyk-identity-broker/backends/redis.go:209.13,210.89 1 0
github.com/TykTechnologies/tyk-identity-broker/backends/redis.go:210.89,212.19 2 0
github.com/TykTechnologies/tyk-identity-broker/backends/redis.go:212.19,214.6 1 0
github.com/TykTechnologies/tyk-identity-broker/backends/redis.go:216.5,217.15 2 0
github.com/TykTechnologies/tyk-identity-broker/backends/redis.go:219.4,219.13 1 0
github.com/TykTechnologies/tyk-identity-broker/backends/redis.go:222.3,222.23 1 0
github.com/TykTechnologies/tyk-identity-broker/backends/redis.go:222.23,224.4 1 0
github.com/TykTechnologies/tyk-identity-broker/backends/redis.go:225.21,226.33 1 0
github.com/TykTechnologies/tyk-identity-broker/backends/redis.go:229.2,229.16 1 0
github.com/TykTechnologies/tyk-identity-broker/backends/redis.go:229.16,232.3 2 0
github.com/TykTechnologies/tyk-identity-broker/backends/redis.go:234.2,234.29 1 0
github.com/TykTechnologies/tyk-identity-broker/backends/redis.go:234.29,236.3 1 0
github.com/TykTechnologies/tyk-identity-broker/backends/redis.go:238.2,238.17 1 0
github.com/TykTechnologies/tyk-identity-broker/backends/redis.go:241.59,244.17 3 0
github.com/TykTechnologies/tyk-identity-broker/backends/redis.go:244.17,247.3 2 0
github.com/TykTechnologies/tyk-identity-broker/backends/redis.go:249.2,249.20 1 0
github.com/TykTechnologies/tyk-identity-broker/backends/redis.go:249.20,251.3 1 0
github.com/TykTechnologies/tyk-identity-broker/backends/redis.go:253.2,253.25 1 0
github.com/TykTechnologies/tyk-identity-broker/backends/redis.go:253.25,255.3 1 0
github.com/TykTechnologies/tyk-identity-broker/backends/redis.go:257.2,260.28 3 0
github.com/TykTechnologies/tyk-identity-broker/backends/redis.go:261.28,262.3 1 0
github.com/TykTechnologies/tyk-identity-broker/backends/redis.go:262.3,265.29 3 0
github.com/TykTechnologies/tyk-identity-broker/backends/redis.go:265.29,267.5 1 0
github.com/TykTechnologies/tyk-identity-broker/backends/redis.go:268.4,269.38 2 0
github.com/TykTechnologies/tyk-identity-broker/backends/redis.go:269.38,272.5 2 0
github.com/TykTechnologies/tyk-identity-broker/backends/redis.go:274.4,274.32 1 0
github.com/TykTechnologies/tyk-identity-broker/backends/redis.go:274.32,276.5 1 0
github.com/TykTechnologies/tyk-identity-broker/backends/redis.go:278.21,279.3 1 0
github.com/TykTechnologies/tyk-identity-broker/backends/redis.go:279.3,281.18 2 0
github.com/TykTechnologies/tyk-identity-broker/backends/redis.go:281.18,284.5 2 0
github.com/TykTechnologies/tyk-identity-broker/backends/redis.go:286.4,286.31 1 0
github.com/TykTechnologies/tyk-identity-broker/backends/redis.go:286.31,288.5 1 0
github.com/TykTechnologies/tyk-identity-broker/backends/redis.go:292.2,292.15 1 0
github.com/TykTechnologies/tyk-identity-broker/backends/redis.go:295.56,297.2 1 0
github.com/TykTechnologies/tyk-identity-broker/backends/redis.go:299.50,300.11 1 0
github.com/TykTechnologies/tyk-identity-broker/backends/redis.go:300.11,302.15 2 0
github.com/TykTechnologies/tyk-identity-broker/backends/redis.go:302.15,304.4 1 0
github.com/TykTechnologies/tyk-identity-broker/backends/redis.go:305.3,305.13 1 0
github.com/TykTechnologies/tyk-identity-broker/backends/redis.go:307.2,308.14 2 0
github.com/TykTechnologies/tyk-identity-broker/backends/redis.go:308.14,310.3 1 0
github.com/TykTechnologies/tyk-identity-broker/backends/redis.go:311.2,311.12 1 0
github.com/TykTechnologies/tyk-identity-broker/backends/redis.go:314.66,317.2 2 0
github.com/TykTechnologies/tyk-identity-broker/backends/redis.go:319.54,321.2 1 0
github.com/TykTechnologies/tyk-identity-broker/backends/redis.go:323.65,324.32 1 0
github.com/TykTechnologies/tyk-identity-broker/backends/redis.go:324.32,327.3 1 0
github.com/TykTechnologies/tyk-identity-broker/backends/redis.go:328.2,329.6 2 0
github.com/TykTechnologies/tyk-identity-broker/backends/redis.go:329.6,331.33 2 0
github.com/TykTechnologies/tyk-identity-broker/backends/redis.go:331.33,334.4 1 0
github.com/TykTechnologies/tyk-identity-broker/backends/redis.go:335.3,335.44 1 0
github.com/TykTechnologies/tyk-identity-broker/backends/redis.go:339.54,341.2 1 0
github.com/TykTechnologies/tyk-identity-broker/configuration/config.go:95.55,101.16 5 1
github.com/TykTechnologies/tyk-identity-broker/configuration/config.go:101.16,104.20 3 0
github.com/TykTechnologies/tyk-identity-broker/configuration/config.go:104.20,106.4 1 0
github.com/TykTechnologies/tyk-identity-broker/configuration/config.go:106.9,108.4 1 0
github.com/TykTechnologies/tyk-identity-broker/configuration/config.go:109.8,111.19 2 1
github.com/TykTechnologies/tyk-identity-broker/configuration/config.go:111.19,113.4 1 0
github.com/TykTechnologies/tyk-identity-broker/configuration/config.go:116.2,117.59 2 1
github.com/TykTechnologies/tyk-identity-broker/configuration/config.go:117.59,119.3 1 0
github.com/TykTechnologies/tyk-identity-broker/configuration/config.go:121.2,121.65 1 1
github.com/TykTechnologies/tyk-identity-broker/configuration/config.go:121.65,123.3 1 0
github.com/TykTechnologies/tyk-identity-broker/configuration/config.go:125.2,127.60 3 1
github.com/TykTechnologies/tyk-identity-broker/configuration/config.go:133.51,134.84 1 1
github.com/TykTechnologies/tyk-identity-broker/configuration/config.go:134.84,136.3 1 1
github.com/TykTechnologies/tyk-identity-broker/configuration/config.go:137.2,137.23 1 1
github.com/TykTechnologies/tyk-identity-broker/tap/identity-handlers/dummy_handler.go:27.60,29.34 1 0
github.com/TykTechnologies/tyk-identity-broker/tap/identity-handlers/dummy_handler.go:29.34,33.3 3 0
github.com/TykTechnologies/tyk-identity-broker/tap/identity-handlers/dummy_handler.go:34.2,34.12 1 0
github.com/TykTechnologies/tyk-identity-broker/tap/identity-handlers/dummy_handler.go:38.77,41.2 2 0
github.com/TykTechnologies/tyk-identity-broker/tap/identity-handlers/dummy_handler.go:44.87,47.2 2 0
github.com/TykTechnologies/tyk-identity-broker/tap/identity-handlers/dummy_handler.go:51.130,57.29 4 0
github.com/TykTechnologies/tyk-identity-broker/tap/identity-handlers/dummy_handler.go:57.29,61.3 3 0
github.com/TykTechnologies/tyk-identity-broker/tap/identity-handlers/dummy_handler.go:63.2,64.57 2 0
github.com/TykTechnologies/tyk-identity-broker/tap/identity-handlers/tyk_handler.go:76.63,77.16 1 0
github.com/TykTechnologies/tyk-identity-broker/tap/identity-handlers/tyk_handler.go:78.38,79.30 1 0
github.com/TykTechnologies/tyk-identity-broker/tap/identity-handlers/tyk_handler.go:80.43,81.27 1 0
github.com/TykTechnologies/tyk-identity-broker/tap/identity-handlers/tyk_handler.go:84.2,85.59 2 0
github.com/TykTechnologies/tyk-identity-broker/tap/identity-handlers/tyk_handler.go:90.59,93.41 1 0
github.com/TykTechnologies/tyk-identity-broker/tap/identity-handlers/tyk_handler.go:93.41,98.3 4 0
github.com/TykTechnologies/tyk-identity-broker/tap/identity-handlers/tyk_handler.go:100.2,101.53 2 0
github.com/TykTechnologies/tyk-identity-broker/tap/identity-handlers/tyk_handler.go:101.53,103.47 2 0
github.com/TykTechnologies/tyk-identity-broker/tap/identity-handlers/tyk_handler.go:103.47,105.4 1 0
github.com/TykTechnologies/tyk-identity-broker/tap/identity-handlers/tyk_handler.go:107.3,107.49 1 0
github.com/TykTechnologies/tyk-identity-broker/tap/identity-handlers/tyk_handler.go:107.49,109.4 1 0
github.com/TykTechnologies/tyk-identity-broker/tap/identity-handlers/tyk_handler.go:111.3,112.9 2 0
github.com/TykTechnologies/tyk-identity-broker/tap/identity-handlers/tyk_handler.go:112.9,122.4 9 0
github.com/TykTechnologies/tyk-identity-broker/tap/identity-handlers/tyk_handler.go:124.3,125.14 2 0
github.com/TykTechnologies/tyk-identity-broker/tap/identity-handlers/tyk_handler.go:125.14,126.66 1 0
github.com/TykTechnologies/tyk-identity-broker/tap/identity-handlers/tyk_handler.go:126.66,129.5 2 0
github.com/TykTechnologies/tyk-identity-broker/tap/identity-handlers/tyk_handler.go:130.4,132.64 2 0
github.com/TykTechnologies/tyk-identity-broker/tap/identity-handlers/tyk_handler.go:132.64,135.5 2 0
github.com/TykTechnologies/tyk-identity-broker/tap/identity-handlers/tyk_handler.go:135.10,137.5 1 0
github.com/TykTechnologies/tyk-identity-broker/tap/identity-handlers/tyk_handler.go:142.2,142.12 1 0
github.com/TykTechnologies/tyk-identity-broker/tap/identity-handlers/tyk_handler.go:147.76,152.19 3 0
github.com/TykTechnologies/tyk-identity-broker/tap/identity-handlers/tyk_handler.go:152.19,155.3 2 0
github.com/TykTechnologies/tyk-identity-broker/tap/identity-handlers/tyk_handler.go:157.2,161.8 5 0
github.com/TykTechnologies/tyk-identity-broker/tap/identity-handlers/tyk_handler.go:161.8,164.28 2 0
github.com/TykTechnologies/tyk-identity-broker/tap/identity-handlers/tyk_handler.go:164.28,166.4 1 0
github.com/TykTechnologies/tyk-identity-broker/tap/identity-handlers/tyk_handler.go:167.3,167.27 1 0
github.com/TykTechnologies/tyk-identity-broker/tap/identity-handlers/tyk_handler.go:167.27,168.25 1 0
github.com/TykTechnologies/tyk-identity-broker/tap/identity-handlers/tyk_handler.go:168.25,170.5 1 0
github.com/TykTechnologies/tyk-identity-broker/tap/identity-handlers/tyk_handler.go:171.4,171.33 1 0
github.com/TykTechnologies/tyk-identity-broker/tap/identity-handlers/tyk_handler.go:173.3,173.24 1 0
github.com/TykTechnologies/tyk-identity-broker/tap/identity-handlers/tyk_handler.go:173.24,175.4 1 0
github.com/TykTechnologies/tyk-identity-broker/tap/identity-handlers/tyk_handler.go:177.3,177.150 1 0
github.com/TykTechnologies/tyk-identity-broker/tap/identity-handlers/tyk_handler.go:180.2,193.19 5 0
github.com/TykTechnologies/tyk-identity-broker/tap/identity-handlers/tyk_handler.go:193.19,196.3 2 0
github.com/TykTechnologies/tyk-identity-broker/tap/identity-handlers/tyk_handler.go:198.2,200.42 2 0
github.com/TykTechnologies/tyk-identity-broker/tap/identity-handlers/tyk_handler.go:206.63,207.23 1 1
github.com/TykTechnologies/tyk-identity-broker/tap/identity-handlers/tyk_handler.go:208.16,210.25 2 1
github.com/TykTechnologies/tyk-identity-broker/tap/identity-handlers/tyk_handler.go:210.25,212.4 1 1
github.com/TykTechnologies/tyk-identity-broker/tap/identity-handlers/tyk_handler.go:213.3,213.16 1 1
github.com/TykTechnologies/tyk-identity-broker/tap/identity-handlers/tyk_handler.go:214.21,216.25 2 0
github.com/TykTechnologies/tyk-identity-broker/tap/identity-handlers/tyk_handler.go:216.25,218.4 1 0
github.com/TykTechnologies/tyk-identity-broker/tap/identity-handlers/tyk_handler.go:219.3,219.16 1 0
github.com/TykTechnologies/tyk-identity-broker/tap/identity-handlers/tyk_handler.go:221.10,223.22 1 1
github.com/TykTechnologies/tyk-identity-broker/tap/identity-handlers/tyk_handler.go:223.22,225.4 1 1
github.com/TykTechnologies/tyk-identity-broker/tap/identity-handlers/tyk_handler.go:226.3,226.46 1 1
github.com/TykTechnologies/tyk-identity-broker/tap/identity-handlers/tyk_handler.go:231.141,234.17 2 0
github.com/TykTechnologies/tyk-identity-broker/tap/identity-handlers/tyk_handler.go:234.17,238.3 3 0
github.com/TykTechnologies/tyk-identity-broker/tap/identity-handlers/tyk_handler.go:241.2,242.29 2 0
github.com/TykTechnologies/tyk-identity-broker/tap/identity-handlers/tyk_handler.go:242.29,247.3 4 0
github.com/TykTechnologies/tyk-identity-broker/tap/identity-handlers/tyk_handler.go:249.2,250.68 2 0
github.com/TykTechnologies/tyk-identity-broker/tap/identity-handlers/tyk_handler.go:255.138,260.17 3 0
github.com/TykTechnologies/tyk-identity-broker/tap/identity-handlers/tyk_handler.go:260.17,264.3 3 0
github.com/TykTechnologies/tyk-identity-broker/tap/identity-handlers/tyk_handler.go:266.2,274.19 6 0
github.com/TykTechnologies/tyk-identity-broker/tap/identity-handlers/tyk_handler.go:274.19,278.3 3 0
github.com/TykTechnologies/tyk-identity-broker/tap/identity-handlers/tyk_handler.go:279.2,279.19 1 0
github.com/TykTechnologies/tyk-identity-broker/tap/identity-handlers/tyk_handler.go:279.19,298.23 6 0
github.com/TykTechnologies/tyk-identity-broker/tap/identity-handlers/tyk_handler.go:298.23,302.4 3 0
github.com/TykTechnologies/tyk-identity-broker/tap/identity-handlers/tyk_handler.go:303.8,306.27 2 0
github.com/TykTechnologies/tyk-identity-broker/tap/identity-handlers/tyk_handler.go:306.27,308.4 1 0
github.com/TykTechnologies/tyk-identity-broker/tap/identity-handlers/tyk_handler.go:310.3,311.30 2 0
github.com/TykTechnologies/tyk-identity-broker/tap/identity-handlers/tyk_handler.go:311.30,313.4 1 0
github.com/TykTechnologies/tyk-identity-broker/tap/identity-handlers/tyk_handler.go:315.3,316.23 2 0
github.com/TykTechnologies/tyk-identity-broker/tap/identity-handlers/tyk_handler.go:316.23,320.4 3 0
github.com/TykTechnologies/tyk-identity-broker/tap/identity-handlers/tyk_handler.go:324.2,325.29 2 0
github.com/TykTechnologies/tyk-identity-broker/tap/identity-handlers/tyk_handler.go:325.29,330.3 4 0
github.com/TykTechnologies/tyk-identity-broker/tap/identity-handlers/tyk_handler.go:332.2,333.57 2 0
github.com/TykTechnologies/tyk-identity-broker/tap/identity-handlers/tyk_handler.go:336.137,348.30 7 0
github.com/TykTechnologies/tyk-identity-broker/tap/identity-handlers/tyk_handler.go:348.30,350.18 2 0
github.com/TykTechnologies/tyk-identity-broker/tap/identity-handlers/tyk_handler.go:350.18,354.19 3 0
github.com/TykTechnologies/tyk-identity-broker/tap/identity-handlers/tyk_handler.go:354.19,359.22 2 0
github.com/TykTechnologies/tyk-identity-broker/tap/identity-handlers/tyk_handler.go:359.22,361.6 1 0
github.com/TykTechnologies/tyk-identity-broker/tap/identity-handlers/tyk_handler.go:366.2,377.17 2 0
github.com/TykTechnologies/tyk-identity-broker/tap/identity-handlers/tyk_handler.go:377.17,381.3 3 0
github.com/TykTechnologies/tyk-identity-broker/tap/identity-handlers/tyk_handler.go:383.2,383.17 1 0
github.com/TykTechnologies/tyk-identity-broker/tap/identity-handlers/tyk_handler.go:383.17,387.3 3 0
github.com/TykTechnologies/tyk-identity-broker/tap/identity-handlers/tyk_handler.go:389.2,389.28 1 0
github.com/TykTechnologies/tyk-identity-broker/tap/identity-handlers/tyk_handler.go:389.28,392.3 2 0
github.com/TykTechnologies/tyk-identity-broker/tap/identity-handlers/tyk_handler.go:394.2,394.24 1 0
github.com/TykTechnologies/tyk-identity-broker/tap/identity-handlers/tyk_handler.go:394.24,396.18 2 0
github.com/TykTechnologies/tyk-identity-broker/tap/identity-handlers/tyk_handler.go:396.18,399.4 2 0
github.com/TykTechnologies/tyk-identity-broker/tap/identity-handlers/tyk_handler.go:401.3,404.9 4 0
github.com/TykTechnologies/tyk-identity-broker/tap/identity-handlers/tyk_handler.go:408.2,409.27 2 0
github.com/TykTechnologies/tyk-identity-broker/tap/identity-handlers/tyk_handler.go:409.27,413.3 3 0
github.com/TykTechnologies/tyk-identity-broker/tap/identity-handlers/tyk_handler.go:416.141,428.30 7 0
github.com/TykTechnologies/tyk-identity-broker/tap/identity-handlers/tyk_handler.go:428.30,430.18 2 0
github.com/TykTechnologies/tyk-identity-broker/tap/identity-handlers/tyk_handler.go:430.18,434.19 3 0
github.com/TykTechnologies/tyk-identity-broker/tap/identity-handlers/tyk_handler.go:434.19,439.22 2 0
github.com/TykTechnologies/tyk-identity-broker/tap/identity-handlers/tyk_handler.go:439.22,443.6 3 0
github.com/TykTechnologies/tyk-identity-broker/tap/identity-handlers/tyk_handler.go:449.2,456.17 2 0
github.com/TykTechnologies/tyk-identity-broker/tap/identity-handlers/tyk_handler.go:456.17,460.3 3 0
github.com/TykTechnologies/tyk-identity-broker/tap/identity-handlers/tyk_handler.go:462.2,462.17 1 0
github.com/TykTechnologies/tyk-identity-broker/tap/identity-handlers/tyk_handler.go:462.17,466.3 3 0
github.com/TykTechnologies/tyk-identity-broker/tap/identity-handlers/tyk_handler.go:468.2,468.22 1 0
github.com/TykTechnologies/tyk-identity-broker/tap/identity-handlers/tyk_handler.go:468.22,471.3 2 0
github.com/TykTechnologies/tyk-identity-broker/tap/identity-handlers/tyk_handler.go:474.2,474.31 1 0
github.com/TykTechnologies/tyk-identity-broker/tap/identity-handlers/tyk_handler.go:474.31,480.3 5 0
github.com/TykTechnologies/tyk-identity-broker/tap/identity-handlers/tyk_handler.go:482.2,483.17 2 0
github.com/TykTechnologies/tyk-identity-broker/tap/identity-handlers/tyk_handler.go:483.17,486.3 2 0
github.com/TykTechnologies/tyk-identity-broker/tap/identity-handlers/tyk_handler.go:488.2,491.8 4 0
github.com/TykTechnologies/tyk-identity-broker/tap/identity-handlers/tyk_handler.go:495.129,497.58 2 0
github.com/TykTechnologies/tyk-identity-broker/tap/identity-handlers/tyk_handler.go:497.58,500.3 2 0
github.com/TykTechnologies/tyk-identity-broker/tap/identity-handlers/tyk_handler.go:500.8,500.70 1 0
github.com/TykTechnologies/tyk-identity-broker/tap/identity-handlers/tyk_handler.go:500.70,503.3 2 0
github.com/TykTechnologies/tyk-identity-broker/tap/identity-handlers/tyk_handler.go:503.8,503.66 1 0
github.com/TykTechnologies/tyk-identity-broker/tap/identity-handlers/tyk_handler.go:503.66,506.3 2 0
github.com/TykTechnologies/tyk-identity-broker/tap/identity-handlers/tyk_handler.go:506.8,506.65 1 0
github.com/TykTechnologies/tyk-identity-broker/tap/identity-handlers/tyk_handler.go:506.65,509.3 2 0
github.com/TykTechnologies/tyk-identity-broker/tap/identity-handlers/tyk_handler.go:513.64,516.28 2 1
github.com/TykTechnologies/tyk-identity-broker/tap/identity-handlers/tyk_handler.go:516.28,517.45 1 1
github.com/TykTechnologies/tyk-identity-broker/tap/identity-handlers/tyk_handler.go:517.45,519.4 1 1
github.com/TykTechnologies/tyk-identity-broker/tap/identity-handlers/tyk_handler.go:522.2,522.38 1 1
github.com/TykTechnologies/tyk-identity-broker/tap/identity-handlers/tyk_handler.go:522.38,524.3 1 1
github.com/TykTechnologies/tyk-identity-broker/tap/identity-handlers/tyk_handler.go:525.2,525.17 1 1
github.com/TykTechnologies/tyk-identity-broker/tap/identity-handlers/tyk_handler.go:525.17,527.3 1 1
github.com/TykTechnologies/tyk-identity-broker/tap/identity-handlers/tyk_handler.go:528.2,528.14 1 1
github.com/TykTechnologies/tyk-identity-broker/tap/identity-handlers/tyk_handler.go:531.66,532.29 1 1
github.com/TykTechnologies/tyk-identity-broker/tap/identity-handlers/tyk_handler.go:532.29,533.46 1 1
github.com/TykTechnologies/tyk-identity-broker/tap/identity-handlers/tyk_handler.go:533.46,535.4 1 1
github.com/TykTechnologies/tyk-identity-broker/tap/identity-handlers/tyk_handler.go:537.2,537.21 1 1
github.com/TykTechnologies/tyk-identity-broker/tap/identity-handlers/tyk_handler.go:540.151,542.32 2 1
github.com/TykTechnologies/tyk-identity-broker/tap/identity-handlers/tyk_handler.go:542.32,544.49 2 1
github.com/TykTechnologies/tyk-identity-broker/tap/identity-handlers/tyk_handler.go:544.49,546.4 1 1
github.com/TykTechnologies/tyk-identity-broker/tap/identity-handlers/tyk_handler.go:548.3,548.32 1 1
github.com/TykTechnologies/tyk-identity-broker/tap/identity-handlers/tyk_handler.go:548.32,549.46 1 1
github.com/TykTechnologies/tyk-identity-broker/tap/identity-handlers/tyk_handler.go:549.46,552.5 2 1
github.com/TykTechnologies/tyk-identity-broker/tap/identity-handlers/tyk_handler.go:555.2,555.16 1 1
github.com/TykTechnologies/tyk-identity-broker/tap/identity-handlers/uuid.go:7.23,9.16 2 0
github.com/TykTechnologies/tyk-identity-broker/tap/identity-handlers/uuid.go:9.16,10.13 1 0
github.com/TykTechnologies/tyk-identity-broker/tap/identity-handlers/uuid.go:12.2,12.20 1 0
github.com/TykTechnologies/tyk-identity-broker/tothic/tothic.go:43.55,46.2 1 0
github.com/TykTechnologies/tyk-identity-broker/tothic/tothic.go:48.52,50.2 1 0
github.com/TykTechnologies/tyk-identity-broker/tothic/tothic.go:52.26,55.2 2 0
github.com/TykTechnologies/tyk-identity-broker/tothic/tothic.go:57.32,61.16 3 1
github.com/TykTechnologies/tyk-identity-broker/tothic/tothic.go:61.16,62.16 1 1
github.com/TykTechnologies/tyk-identity-broker/tothic/tothic.go:62.16,64.4 1 1
github.com/TykTechnologies/tyk-identity-broker/tothic/tothic.go:65.3,65.13 1 1
github.com/TykTechnologies/tyk-identity-broker/tothic/tothic.go:68.2,68.29 1 1
github.com/TykTechnologies/tyk-identity-broker/tothic/tothic.go:68.29,70.3 1 0
github.com/TykTechnologies/tyk-identity-broker/tothic/tothic.go:72.2,72.8 1 1
github.com/TykTechnologies/tyk-identity-broker/tothic/tothic.go:75.74,78.8 2 0
github.com/TykTechnologies/tyk-identity-broker/tothic/tothic.go:78.8,81.3 2 0
github.com/TykTechnologies/tyk-identity-broker/tothic/tothic.go:83.2,84.16 2 0
github.com/TykTechnologies/tyk-identity-broker/tothic/tothic.go:84.16,87.3 2 0
github.com/TykTechnologies/tyk-identity-broker/tothic/tothic.go:89.2,90.58 2 0
github.com/TykTechnologies/tyk-identity-broker/tothic/tothic.go:90.58,93.3 2 0
github.com/TykTechnologies/tyk-identity-broker/tothic/tothic.go:95.2,96.16 2 0
github.com/TykTechnologies/tyk-identity-broker/tothic/tothic.go:96.16,98.3 1 0
github.com/TykTechnologies/tyk-identity-broker/tothic/tothic.go:102.47,106.2 3 0
github.com/TykTechnologies/tyk-identity-broker/tothic/tothic.go:118.143,123.16 3 0
github.com/TykTechnologies/tyk-identity-broker/tothic/tothic.go:123.16,128.3 2 0
github.com/TykTechnologies/tyk-identity-broker/tothic/tothic.go:130.2,130.60 1 0
github.com/TykTechnologies/tyk-identity-broker/tothic/tothic.go:136.47,138.2 1 0
github.com/TykTechnologies/tyk-identity-broker/tothic/tothic.go:150.123,153.16 2 0
github.com/TykTechnologies/tyk-identity-broker/tothic/tothic.go:153.16,155.3 1 0
github.com/TykTechnologies/tyk-identity-broker/tothic/tothic.go:157.2,158.16 2 0
github.com/TykTechnologies/tyk-identity-broker/tothic/tothic.go:158.16,160.3 1 0
github.com/TykTechnologies/tyk-identity-broker/tothic/tothic.go:161.2,162.16 2 0
github.com/TykTechnologies/tyk-identity-broker/tothic/tothic.go:162.16,164.3 1 0
github.com/TykTechnologies/tyk-identity-broker/tothic/tothic.go:166.2,167.16 2 0
github.com/TykTechnologies/tyk-identity-broker/tothic/tothic.go:167.16,169.3 1 0
github.com/TykTechnologies/tyk-identity-broker/tothic/tothic.go:171.2,174.16 4 0
github.com/TykTechnologies/tyk-identity-broker/tothic/tothic.go:174.16,176.3 1 0
github.com/TykTechnologies/tyk-identity-broker/tothic/tothic.go:178.2,178.17 1 0
github.com/TykTechnologies/tyk-identity-broker/tothic/tothic.go:190.138,193.16 2 0
github.com/TykTechnologies/tyk-identity-broker/tothic/tothic.go:193.16,195.3 1 0
github.com/TykTechnologies/tyk-identity-broker/tothic/tothic.go:197.2,198.16 2 0
github.com/TykTechnologies/tyk-identity-broker/tothic/tothic.go:198.16,200.3 1 0
github.com/TykTechnologies/tyk-identity-broker/tothic/tothic.go:202.2,203.16 2 0
github.com/TykTechnologies/tyk-identity-broker/tothic/tothic.go:203.16,205.3 1 0
github.com/TykTechnologies/tyk-identity-broker/tothic/tothic.go:207.2,207.40 1 0
github.com/TykTechnologies/tyk-identity-broker/tothic/tothic.go:207.40,209.3 1 0
github.com/TykTechnologies/tyk-identity-broker/tothic/tothic.go:211.2,212.16 2 0
github.com/TykTechnologies/tyk-identity-broker/tothic/tothic.go:212.16,214.3 1 0
github.com/TykTechnologies/tyk-identity-broker/tothic/tothic.go:216.2,218.16 2 0
github.com/TykTechnologies/tyk-identity-broker/tothic/tothic.go:218.16,220.3 1 0
github.com/TykTechnologies/tyk-identity-broker/tothic/tothic.go:222.2,222.33 1 0
github.com/TykTechnologies/tyk-identity-broker/tothic/tothic.go:232.59,236.20 3 0
github.com/TykTechnologies/tyk-identity-broker/tothic/tothic.go:236.20,238.3 1 0
github.com/TykTechnologies/tyk-identity-broker/tothic/tothic.go:240.2,241.22 2 0
github.com/TykTechnologies/tyk-identity-broker/tothic/tothic.go:244.68,246.2 1 0
github.com/TykTechnologies/tyk-identity-broker/providers/FileLoader.go:13.56,16.16 3 0
github.com/TykTechnologies/tyk-identity-broker/providers/FileLoader.go:16.16,18.3 1 0
github.com/TykTechnologies/tyk-identity-broker/providers/FileLoader.go:19.2,19.29 1 0
github.com/TykTechnologies/tyk-identity-broker/providers/FileLoader.go:22.57,23.23 1 0
github.com/TykTechnologies/tyk-identity-broker/providers/FileLoader.go:26.46,27.23 1 0
github.com/TykTechnologies/tyk-identity-broker/providers/FileLoader.go:30.44,31.23 1 0
github.com/TykTechnologies/tyk-identity-broker/providers/FileLoader.go:34.50,35.23 1 0
github.com/TykTechnologies/tyk-identity-broker/providers/FileLoader.go:38.74,39.23 1 0
github.com/TykTechnologies/tyk-identity-broker/providers/FileLoader.go:42.58,43.23 1 0
github.com/TykTechnologies/tyk-identity-broker/providers/FileLoader.go:46.49,47.23 1 0
github.com/TykTechnologies/tyk-identity-broker/providers/FileLoader.go:50.50,51.23 1 0
github.com/TykTechnologies/tyk-identity-broker/providers/FileLoader.go:54.46,55.23 1 0
github.com/TykTechnologies/tyk-identity-broker/providers/FileLoader.go:58.61,59.23 1 0
github.com/TykTechnologies/tyk-identity-broker/providers/FileLoader.go:62.36,63.23 1 0
github.com/TykTechnologies/tyk-identity-broker/providers/FileLoader.go:66.39,67.23 1 0
github.com/TykTechnologies/tyk-identity-broker/providers/FileLoader.go:70.42,71.23 1 0
github.com/TykTechnologies/tyk-identity-broker/providers/FileLoader.go:74.47,75.23 1 0
github.com/TykTechnologies/tyk-identity-broker/providers/FileLoader.go:78.47,79.23 1 0
github.com/TykTechnologies/tyk-identity-broker/providers/FileLoader.go:82.59,83.23 1 0
github.com/TykTechnologies/tyk-identity-broker/providers/FileLoader.go:86.51,87.23 1 0
github.com/TykTechnologies/tyk-identity-broker/providers/FileLoader.go:90.43,91.23 1 0
github.com/TykTechnologies/tyk-identity-broker/providers/FileLoader.go:94.58,95.23 1 0
github.com/TykTechnologies/tyk-identity-broker/providers/FileLoader.go:98.74,99.23 1 0
github.com/TykTechnologies/tyk-identity-broker/providers/FileLoader.go:102.61,103.23 1 0
github.com/TykTechnologies/tyk-identity-broker/providers/FileLoader.go:106.55,107.23 1 0
github.com/TykTechnologies/tyk-identity-broker/providers/FileLoader.go:110.97,111.23 1 0
github.com/TykTechnologies/tyk-identity-broker/providers/FileLoader.go:114.63,115.23 1 0
github.com/TykTechnologies/tyk-identity-broker/providers/FileLoader.go:118.92,119.23 1 0
github.com/TykTechnologies/tyk-identity-broker/providers/FileLoader.go:122.63,123.23 1 0
github.com/TykTechnologies/tyk-identity-broker/providers/FileLoader.go:126.51,127.23 1 0
github.com/TykTechnologies/tyk-identity-broker/providers/FileLoader.go:130.72,131.23 1 0
github.com/TykTechnologies/tyk-identity-broker/providers/FileLoader.go:134.49,135.23 1 0
github.com/TykTechnologies/tyk-identity-broker/providers/FileLoader.go:138.60,139.23 1 0
github.com/TykTechnologies/tyk-identity-broker/providers/FileLoader.go:142.109,143.23 1 0
github.com/TykTechnologies/tyk-identity-broker/providers/active_directory.go:59.36,61.2 1 0
github.com/TykTechnologies/tyk-identity-broker/providers/active_directory.go:66.54,68.2 1 0
github.com/TykTechnologies/tyk-identity-broker/providers/active_directory.go:71.41,73.2 1 0
github.com/TykTechnologies/tyk-identity-broker/providers/active_directory.go:75.32,80.25 5 0
github.com/TykTechnologies/tyk-identity-broker/providers/active_directory.go:80.25,85.3 2 0
github.com/TykTechnologies/tyk-identity-broker/providers/active_directory.go:85.8,87.3 1 0
github.com/TykTechnologies/tyk-identity-broker/providers/active_directory.go:89.2,89.16 1 0
github.com/TykTechnologies/tyk-identity-broker/providers/active_directory.go:89.16,95.3 2 0
github.com/TykTechnologies/tyk-identity-broker/providers/active_directory.go:96.2,96.40 1 0
github.com/TykTechnologies/tyk-identity-broker/providers/active_directory.go:103.98,105.31 1 0
github.com/TykTechnologies/tyk-identity-broker/providers/active_directory.go:105.31,109.3 3 0
github.com/TykTechnologies/tyk-identity-broker/providers/active_directory.go:111.2,115.26 4 0
github.com/TykTechnologies/tyk-identity-broker/providers/active_directory.go:115.26,117.3 1 0
github.com/TykTechnologies/tyk-identity-broker/providers/active_directory.go:119.2,119.12 1 0
github.com/TykTechnologies/tyk-identity-broker/providers/active_directory.go:122.83,125.2 2 0
github.com/TykTechnologies/tyk-identity-broker/providers/active_directory.go:127.61,130.2 2 0
github.com/TykTechnologies/tyk-identity-broker/providers/active_directory.go:132.57,136.2 3 0
github.com/TykTechnologies/tyk-identity-broker/providers/active_directory.go:138.63,140.37 2 0
github.com/TykTechnologies/tyk-identity-broker/providers/active_directory.go:140.37,142.3 1 0
github.com/TykTechnologies/tyk-identity-broker/providers/active_directory.go:142.8,145.35 3 0
github.com/TykTechnologies/tyk-identity-broker/providers/active_directory.go:145.35,147.4 1 0
github.com/TykTechnologies/tyk-identity-broker/providers/active_directory.go:148.3,148.32 1 0
github.com/TykTechnologies/tyk-identity-broker/providers/active_directory.go:150.2,150.14 1 0
github.com/TykTechnologies/tyk-identity-broker/providers/active_directory.go:153.87,156.30 3 0
github.com/TykTechnologies/tyk-identity-broker/providers/active_directory.go:156.30,158.3 1 0
github.com/TykTechnologies/tyk-identity-broker/providers/active_directory.go:160.2,166.31 2 0
github.com/TykTechnologies/tyk-identity-broker/providers/active_directory.go:166.31,168.3 1 0
github.com/TykTechnologies/tyk-identity-broker/providers/active_directory.go:170.2,171.14 2 0
github.com/TykTechnologies/tyk-identity-broker/providers/active_directory.go:171.14,173.3 1 0
github.com/TykTechnologies/tyk-identity-broker/providers/active_directory.go:175.2,194.16 4 0
github.com/TykTechnologies/tyk-identity-broker/providers/active_directory.go:194.16,199.3 2 0
github.com/TykTechnologies/tyk-identity-broker/providers/active_directory.go:201.2,201.26 1 0
github.com/TykTechnologies/tyk-identity-broker/providers/active_directory.go:201.26,203.3 1 0
github.com/TykTechnologies/tyk-identity-broker/providers/active_directory.go:205.2,205.25 1 0
github.com/TykTechnologies/tyk-identity-broker/providers/active_directory.go:205.25,207.3 1 0
github.com/TykTechnologies/tyk-identity-broker/providers/active_directory.go:209.2,211.39 2 0
github.com/TykTechnologies/tyk-identity-broker/providers/active_directory.go:211.39,213.3 1 0
github.com/TykTechnologies/tyk-identity-broker/providers/active_directory.go:215.2,215.43 1 0
github.com/TykTechnologies/tyk-identity-broker/providers/active_directory.go:215.43,217.3 1 0
github.com/TykTechnologies/tyk-identity-broker/providers/active_directory.go:219.2,219.42 1 0
github.com/TykTechnologies/tyk-identity-broker/providers/active_directory.go:219.42,221.3 1 0
github.com/TykTechnologies/tyk-identity-broker/providers/active_directory.go:223.2,223.34 1 0
github.com/TykTechnologies/tyk-identity-broker/providers/active_directory.go:223.34,225.21 2 0
github.com/TykTechnologies/tyk-identity-broker/providers/active_directory.go:225.21,231.4 2 0
github.com/TykTechnologies/tyk-identity-broker/providers/active_directory.go:232.3,232.72 1 0
github.com/TykTechnologies/tyk-identity-broker/providers/active_directory.go:235.2,236.37 2 0
github.com/TykTechnologies/tyk-identity-broker/providers/active_directory.go:236.37,237.44 1 0
github.com/TykTechnologies/tyk-identity-broker/providers/active_directory.go:237.44,240.4 2 0
github.com/TykTechnologies/tyk-identity-broker/providers/active_directory.go:242.3,242.48 1 0
github.com/TykTechnologies/tyk-identity-broker/providers/active_directory.go:242.48,244.4 1 0
github.com/TykTechnologies/tyk-identity-broker/providers/active_directory.go:246.3,246.47 1 0
github.com/TykTechnologies/tyk-identity-broker/providers/active_directory.go:246.47,248.4 1 0
github.com/TykTechnologies/tyk-identity-broker/providers/active_directory.go:249.3,249.47 1 0
github.com/TykTechnologies/tyk-identity-broker/providers/active_directory.go:249.47,252.12 2 0
github.com/TykTechnologies/tyk-identity-broker/providers/active_directory.go:255.3,255.41 1 0
github.com/TykTechnologies/tyk-identity-broker/providers/active_directory.go:258.2,258.17 1 0
github.com/TykTechnologies/tyk-identity-broker/providers/active_directory.go:258.17,260.38 2 0
github.com/TykTechnologies/tyk-identity-broker/providers/active_directory.go:260.38,262.4 1 0
github.com/TykTechnologies/tyk-identity-broker/providers/active_directory.go:262.9,264.4 1 0
github.com/TykTechnologies/tyk-identity-broker/providers/active_directory.go:267.2,267.22 1 0
github.com/TykTechnologies/tyk-identity-broker/providers/active_directory.go:272.120,278.34 4 0
github.com/TykTechnologies/tyk-identity-broker/providers/active_directory.go:278.34,280.3 1 0
github.com/TykTechnologies/tyk-identity-broker/providers/active_directory.go:282.2,282.38 1 0
github.com/TykTechnologies/tyk-identity-broker/providers/active_directory.go:282.38,286.3 3 0
github.com/TykTechnologies/tyk-identity-broker/providers/active_directory.go:288.2,292.34 3 0
github.com/TykTechnologies/tyk-identity-broker/providers/active_directory.go:292.34,294.3 1 0
github.com/TykTechnologies/tyk-identity-broker/providers/active_directory.go:294.8,296.3 1 0
github.com/TykTechnologies/tyk-identity-broker/providers/active_directory.go:298.2,298.20 1 0
github.com/TykTechnologies/tyk-identity-broker/providers/active_directory.go:298.20,299.35 1 0
github.com/TykTechnologies/tyk-identity-broker/providers/active_directory.go:299.35,304.4 1 0
github.com/TykTechnologies/tyk-identity-broker/providers/active_directory.go:304.9,309.4 1 0
github.com/TykTechnologies/tyk-identity-broker/providers/active_directory.go:310.3,311.9 2 0
github.com/TykTechnologies/tyk-identity-broker/providers/active_directory.go:314.2,314.34 1 0
github.com/TykTechnologies/tyk-identity-broker/providers/active_directory.go:314.34,316.3 1 0
github.com/TykTechnologies/tyk-identity-broker/providers/active_directory.go:318.2,319.17 2 0
github.com/TykTechnologies/tyk-identity-broker/providers/active_directory.go:319.17,326.3 3 0
github.com/TykTechnologies/tyk-identity-broker/providers/active_directory.go:328.2,329.26 2 0
github.com/TykTechnologies/tyk-identity-broker/providers/active_directory.go:329.26,333.3 3 0
github.com/TykTechnologies/tyk-identity-broker/providers/active_directory.go:335.2,338.22 3 0
github.com/TykTechnologies/tyk-identity-broker/providers/active_directory.go:341.63,344.2 2 0
github.com/TykTechnologies/tyk-identity-broker/providers/active_directory.go:347.205,351.2 1 0
github.com/TykTechnologies/tyk-identity-broker/providers/active_directory.go:353.73,356.2 1 0
github.com/TykTechnologies/tyk-identity-broker/providers/proxy.go:45.101,48.34 1 1
github.com/TykTechnologies/tyk-identity-broker/providers/proxy.go:48.34,52.3 3 1
github.com/TykTechnologies/tyk-identity-broker/providers/proxy.go:54.2,58.26 4 1
github.com/TykTechnologies/tyk-identity-broker/providers/proxy.go:58.26,60.3 1 0
github.com/TykTechnologies/tyk-identity-broker/providers/proxy.go:62.2,62.12 1 1
github.com/TykTechnologies/tyk-identity-broker/providers/proxy.go:65.39,67.2 1 1
github.com/TykTechnologies/tyk-identity-broker/providers/proxy.go:69.57,71.2 1 0
github.com/TykTechnologies/tyk-identity-broker/providers/proxy.go:73.44,75.2 1 0
github.com/TykTechnologies/tyk-identity-broker/providers/proxy.go:77.81,80.2 2 1
github.com/TykTechnologies/tyk-identity-broker/providers/proxy.go:83.23,87.17 2 1
github.com/TykTechnologies/tyk-identity-broker/providers/proxy.go:87.17,93.3 3 0
github.com/TykTechnologies/tyk-identity-broker/providers/proxy.go:94.2,101.26 6 1
github.com/TykTechnologies/tyk-identity-broker/providers/proxy.go:101.26,105.3 3 0
github.com/TykTechnologies/tyk-identity-broker/providers/proxy.go:107.2,107.26 1 1
github.com/TykTechnologies/tyk-identity-broker/providers/proxy.go:107.26,108.39 1 1
github.com/TykTechnologies/tyk-identity-broker/providers/proxy.go:108.39,112.4 3 1
github.com/TykTechnologies/tyk-identity-broker/providers/proxy.go:115.2,116.31 2 1
github.com/TykTechnologies/tyk-identity-broker/providers/proxy.go:116.31,118.17 2 1
github.com/TykTechnologies/tyk-identity-broker/providers/proxy.go:118.17,122.4 3 0
github.com/TykTechnologies/tyk-identity-broker/providers/proxy.go:124.3,124.34 1 1
github.com/TykTechnologies/tyk-identity-broker/providers/proxy.go:124.34,126.22 2 1
github.com/TykTechnologies/tyk-identity-broker/providers/proxy.go:126.22,128.5 1 1
github.com/TykTechnologies/tyk-identity-broker/providers/proxy.go:129.4,131.10 3 1
github.com/TykTechnologies/tyk-identity-broker/providers/proxy.go:135.2,135.28 1 1
github.com/TykTechnologies/tyk-identity-broker/providers/proxy.go:135.28,137.18 2 1
github.com/TykTechnologies/tyk-identity-broker/providers/proxy.go:137.18,141.4 3 0
github.com/TykTechnologies/tyk-identity-broker/providers/proxy.go:143.3,145.13 2 1
github.com/TykTechnologies/tyk-identity-broker/providers/proxy.go:145.13,149.4 3 0
github.com/TykTechnologies/tyk-identity-broker/providers/proxy.go:152.2,153.49 2 1
github.com/TykTechnologies/tyk-identity-broker/providers/proxy.go:153.49,155.18 2 0
github.com/TykTechnologies/tyk-identity-broker/providers/proxy.go:155.18,157.4 1 0
github.com/TykTechnologies/tyk-identity-broker/providers/proxy.go:160.2,161.29 2 1
github.com/TykTechnologies/tyk-identity-broker/providers/proxy.go:161.29,163.18 2 0
github.com/TykTechnologies/tyk-identity-broker/providers/proxy.go:163.18,165.4 1 0
github.com/TykTechnologies/tyk-identity-broker/providers/proxy.go:165.9,166.39 1 0
github.com/TykTechnologies/tyk-identity-broker/providers/proxy.go:166.39,168.11 2 0
github.com/TykTechnologies/tyk-identity-broker/providers/proxy.go:168.11,170.6 1 0
github.com/TykTechnologies/tyk-identity-broker/providers/proxy.go:172.4,172.36 1 0
github.com/TykTechnologies/tyk-identity-broker/providers/proxy.go:172.36,174.11 2 0
github.com/TykTechnologies/tyk-identity-broker/providers/proxy.go:174.11,176.6 1 0
github.com/TykTechnologies/tyk-identity-broker/providers/proxy.go:181.2,188.34 2 1
github.com/TykTechnologies/tyk-identity-broker/providers/proxy.go:188.34,190.3 1 0
github.com/TykTechnologies/tyk-identity-broker/providers/proxy.go:190.8,192.3 1 1
github.com/TykTechnologies/tyk-identity-broker/providers/proxy.go:194.2,198.62 3 1
github.com/TykTechnologies/tyk-identity-broker/providers/proxy.go:202.81,203.2 0 0
github.com/TykTechnologies/tyk-identity-broker/providers/proxy.go:205.76,207.2 1 0
github.com/TykTechnologies/tyk-identity-broker/providers/reverse_proxy.go:51.45,55.9 3 0
github.com/TykTechnologies/tyk-identity-broker/providers/reverse_proxy.go:56.24,57.19 1 0
github.com/TykTechnologies/tyk-identity-broker/providers/reverse_proxy.go:58.26,59.17 1 0
github.com/TykTechnologies/tyk-identity-broker/providers/reverse_proxy.go:59.17,61.4 1 0
github.com/TykTechnologies/tyk-identity-broker/providers/reverse_proxy.go:61.9,63.4 1 0
github.com/TykTechnologies/tyk-identity-broker/providers/reverse_proxy.go:66.2,66.14 1 0
github.com/TykTechnologies/tyk-identity-broker/providers/reverse_proxy.go:73.63,75.38 2 0
github.com/TykTechnologies/tyk-identity-broker/providers/reverse_proxy.go:75.38,79.50 4 0
github.com/TykTechnologies/tyk-identity-broker/providers/reverse_proxy.go:79.50,81.4 1 0
github.com/TykTechnologies/tyk-identity-broker/providers/reverse_proxy.go:81.9,83.4 1 0
github.com/TykTechnologies/tyk-identity-broker/providers/reverse_proxy.go:85.2,85.42 1 0
github.com/TykTechnologies/tyk-identity-broker/providers/reverse_proxy.go:88.39,89.25 1 0
github.com/TykTechnologies/tyk-identity-broker/providers/reverse_proxy.go:89.25,90.24 1 0
github.com/TykTechnologies/tyk-identity-broker/providers/reverse_proxy.go:90.24,92.4 1 0
github.com/TykTechnologies/tyk-identity-broker/providers/reverse_proxy.go:119.55,120.17 1 0
github.com/TykTechnologies/tyk-identity-broker/providers/reverse_proxy.go:120.17,123.3 2 0
github.com/TykTechnologies/tyk-identity-broker/providers/reverse_proxy.go:124.2,124.21 1 0
github.com/TykTechnologies/tyk-identity-broker/providers/reverse_proxy.go:124.21,126.3 1 0
github.com/TykTechnologies/tyk-identity-broker/providers/reverse_proxy.go:127.2,127.26 1 0
github.com/TykTechnologies/tyk-identity-broker/providers/reverse_proxy.go:130.77,132.41 1 0
github.com/TykTechnologies/tyk-identity-broker/providers/reverse_proxy.go:132.41,136.3 3 0
github.com/TykTechnologies/tyk-identity-broker/providers/reverse_proxy.go:138.2,139.22 2 0
github.com/TykTechnologies/tyk-identity-broker/providers/reverse_proxy.go:139.22,141.3 1 0
github.com/TykTechnologies/tyk-identity-broker/providers/reverse_proxy.go:143.2,146.54 3 0
github.com/TykTechnologies/tyk-identity-broker/providers/reverse_proxy.go:146.54,147.61 1 0
github.com/TykTechnologies/tyk-identity-broker/providers/reverse_proxy.go:147.61,159.17 4 0
github.com/TykTechnologies/tyk-identity-broker/providers/reverse_proxy.go:159.17,160.17 1 0
github.com/TykTechnologies/tyk-identity-broker/providers/reverse_proxy.go:160.17,161.15 1 0
github.com/TykTechnologies/tyk-identity-broker/providers/reverse_proxy.go:162.26,163.46 1 0
github.com/TykTechnologies/tyk-identity-broker/providers/reverse_proxy.go:164.23,164.23 0 0
github.com/TykTechnologies/tyk-identity-broker/providers/reverse_proxy.go:174.2,186.31 7 0
github.com/TykTechnologies/tyk-identity-broker/providers/reverse_proxy.go:186.31,187.33 1 0
github.com/TykTechnologies/tyk-identity-broker/providers/reverse_proxy.go:187.33,188.22 1 0
github.com/TykTechnologies/tyk-identity-broker/providers/reverse_proxy.go:188.22,192.5 3 0
github.com/TykTechnologies/tyk-identity-broker/providers/reverse_proxy.go:193.4,193.24 1 0
github.com/TykTechnologies/tyk-identity-broker/providers/reverse_proxy.go:197.2,197.71 1 0
github.com/TykTechnologies/tyk-identity-broker/providers/reverse_proxy.go:197.71,201.56 1 0
github.com/TykTechnologies/tyk-identity-broker/providers/reverse_proxy.go:201.56,203.4 1 0
github.com/TykTechnologies/tyk-identity-broker/providers/reverse_proxy.go:204.3,204.49 1 0
github.com/TykTechnologies/tyk-identity-broker/providers/reverse_proxy.go:207.2,208.16 2 0
github.com/TykTechnologies/tyk-identity-broker/providers/reverse_proxy.go:208.16,212.3 3 0
github.com/TykTechnologies/tyk-identity-broker/providers/reverse_proxy.go:214.2,214.31 1 0
github.com/TykTechnologies/tyk-identity-broker/providers/reverse_proxy.go:214.31,216.3 1 0
github.com/TykTechnologies/tyk-identity-broker/providers/reverse_proxy.go:218.2,222.26 2 0
github.com/TykTechnologies/tyk-identity-broker/providers/reverse_proxy.go:222.26,224.30 2 0
github.com/TykTechnologies/tyk-identity-broker/providers/reverse_proxy.go:224.30,226.4 1 0
github.com/TykTechnologies/tyk-identity-broker/providers/reverse_proxy.go:227.3,227.62 1 0
github.com/TykTechnologies/tyk-identity-broker/providers/reverse_proxy.go:230.2,231.26 2 0
github.com/TykTechnologies/tyk-identity-broker/providers/reverse_proxy.go:231.26,235.38 1 0
github.com/TykTechnologies/tyk-identity-broker/providers/reverse_proxy.go:235.38,237.4 1 0
github.com/TykTechnologies/tyk-identity-broker/providers/reverse_proxy.go:239.2,241.38 3 0
github.com/TykTechnologies/tyk-identity-broker/providers/reverse_proxy.go:244.67,245.26 1 0
github.com/TykTechnologies/tyk-identity-broker/providers/reverse_proxy.go:245.26,246.39 1 0
github.com/TykTechnologies/tyk-identity-broker/providers/reverse_proxy.go:246.39,255.4 4 0
github.com/TykTechnologies/tyk-identity-broker/providers/reverse_proxy.go:258.2,258.19 1 0
github.com/TykTechnologies/tyk-identity-broker/providers/reverse_proxy.go:261.65,264.2 1 0
github.com/TykTechnologies/tyk-identity-broker/providers/reverse_proxy.go:279.57,283.2 3 0
github.com/TykTechnologies/tyk-identity-broker/providers/reverse_proxy.go:285.40,288.6 3 0
github.com/TykTechnologies/tyk-identity-broker/providers/reverse_proxy.go:288.6,289.10 1 0
github.com/TykTechnologies/tyk-identity-broker/providers/reverse_proxy.go:290.17,291.30 1 0
github.com/TykTechnologies/tyk-identity-broker/providers/reverse_proxy.go:291.30,293.5 1 0
github.com/TykTechnologies/tyk-identity-broker/providers/reverse_proxy.go:294.4,294.10 1 0
github.com/TykTechnologies/tyk-identity-broker/providers/reverse_proxy.go:295.14,298.17 3 0
github.com/TykTechnologies/tyk-identity-broker/providers/reverse_proxy.go:303.35,303.53 1 0
github.com/TykTechnologies/tyk-identity-broker/providers/saml.go:63.100,65.33 1 0
github.com/TykTechnologies/tyk-identity-broker/providers/saml.go:65.33,69.3 3 0
github.com/TykTechnologies/tyk-identity-broker/providers/saml.go:71.2,75.25 4 0
github.com/TykTechnologies/tyk-identity-broker/providers/saml.go:75.25,77.3 1 0
github.com/TykTechnologies/tyk-identity-broker/providers/saml.go:78.2,81.12 3 0
github.com/TykTechnologies/tyk-identity-broker/providers/saml.go:84.38,86.2 1 0
github.com/TykTechnologies/tyk-identity-broker/providers/saml.go:88.56,90.2 1 0
github.com/TykTechnologies/tyk-identity-broker/providers/saml.go:92.43,94.2 1 0
github.com/TykTechnologies/tyk-identity-broker/providers/saml.go:96.51,98.16 1 0
github.com/TykTechnologies/tyk-identity-broker/providers/saml.go:98.16,103.22 3 0
github.com/TykTechnologies/tyk-identity-broker/providers/saml.go:103.22,105.4 1 0
github.com/TykTechnologies/tyk-identity-broker/providers/saml.go:105.9,107.4 1 0
github.com/TykTechnologies/tyk-identity-broker/providers/saml.go:109.3,112.17 4 0
github.com/TykTechnologies/tyk-identity-broker/providers/saml.go:112.17,114.4 1 0
github.com/TykTechnologies/tyk-identity-broker/providers/saml.go:114.9,116.4 1 0
github.com/TykTechnologies/tyk-identity-broker/providers/saml.go:118.3,120.17 3 0
github.com/TykTechnologies/tyk-identity-broker/providers/saml.go:120.17,122.4 1 0
github.com/TykTechnologies/tyk-identity-broker/providers/saml.go:122.9,124.4 1 0
github.com/TykTechnologies/tyk-identity-broker/providers/saml.go:126.3,129.17 3 0
github.com/TykTechnologies/tyk-identity-broker/providers/saml.go:129.17,131.4 1 0
github.com/TykTechnologies/tyk-identity-broker/providers/saml.go:131.9,134.4 2 0
github.com/TykTechnologies/tyk-identity-broker/providers/saml.go:136.3,137.21 2 0
github.com/TykTechnologies/tyk-identity-broker/providers/saml.go:137.21,140.4 2 0
github.com/TykTechnologies/tyk-identity-broker/providers/saml.go:140.9,142.4 1 0
github.com/TykTechnologies/tyk-identity-broker/providers/saml.go:143.3,144.32 2 0
github.com/TykTechnologies/tyk-identity-broker/providers/saml.go:144.32,146.4 1 0
github.com/TykTechnologies/tyk-identity-broker/providers/saml.go:146.9,149.4 2 0
github.com/TykTechnologies/tyk-identity-broker/providers/saml.go:151.3,184.80 10 0
github.com/TykTechnologies/tyk-identity-broker/providers/saml.go:189.122,191.16 2 0
github.com/TykTechnologies/tyk-identity-broker/providers/saml.go:191.16,194.3 2 0
github.com/TykTechnologies/tyk-identity-broker/providers/saml.go:194.8,196.3 1 0
github.com/TykTechnologies/tyk-identity-broker/providers/saml.go:200.2,200.51 1 0
github.com/TykTechnologies/tyk-identity-broker/providers/saml.go:200.51,204.3 3 0
github.com/TykTechnologies/tyk-identity-broker/providers/saml.go:206.2,207.23 2 0
github.com/TykTechnologies/tyk-identity-broker/providers/saml.go:207.23,211.3 3 0
github.com/TykTechnologies/tyk-identity-broker/providers/saml.go:211.8,215.28 4 0
github.com/TykTechnologies/tyk-identity-broker/providers/saml.go:215.28,218.4 2 0
github.com/TykTechnologies/tyk-identity-broker/providers/saml.go:221.2,226.16 5 0
github.com/TykTechnologies/tyk-identity-broker/providers/saml.go:226.16,230.3 3 0
github.com/TykTechnologies/tyk-identity-broker/providers/saml.go:232.2,238.16 3 0
github.com/TykTechnologies/tyk-identity-broker/providers/saml.go:238.16,242.3 3 0
github.com/TykTechnologies/tyk-identity-broker/providers/saml.go:243.2,245.41 2 0
github.com/TykTechnologies/tyk-identity-broker/providers/saml.go:245.41,247.17 2 0
github.com/TykTechnologies/tyk-identity-broker/providers/saml.go:247.17,251.4 3 0
github.com/TykTechnologies/tyk-identity-broker/providers/saml.go:252.3,255.9 4 0
github.com/TykTechnologies/tyk-identity-broker/providers/saml.go:257.2,257.37 1 0
github.com/TykTechnologies/tyk-identity-broker/providers/saml.go:257.37,268.3 7 0
github.com/TykTechnologies/tyk-identity-broker/providers/saml.go:271.207,273.16 2 0
github.com/TykTechnologies/tyk-identity-broker/providers/saml.go:273.16,275.3 1 0
github.com/TykTechnologies/tyk-identity-broker/providers/saml.go:276.2,280.43 3 0
github.com/TykTechnologies/tyk-identity-broker/providers/saml.go:280.43,284.3 3 0
github.com/TykTechnologies/tyk-identity-broker/providers/saml.go:284.8,286.3 1 0
github.com/TykTechnologies/tyk-identity-broker/providers/saml.go:288.2,290.37 3 0
github.com/TykTechnologies/tyk-identity-broker/providers/saml.go:290.37,292.3 1 0
github.com/TykTechnologies/tyk-identity-broker/providers/saml.go:293.2,296.16 3 0
github.com/TykTechnologies/tyk-identity-broker/providers/saml.go:296.16,301.3 4 0
github.com/TykTechnologies/tyk-identity-broker/providers/saml.go:301.8,303.3 1 0
github.com/TykTechnologies/tyk-identity-broker/providers/saml.go:304.2,307.50 3 0
github.com/TykTechnologies/tyk-identity-broker/providers/saml.go:307.50,308.36 1 0
github.com/TykTechnologies/tyk-identity-broker/providers/saml.go:308.36,311.36 3 0
github.com/TykTechnologies/tyk-identity-broker/providers/saml.go:311.36,314.5 2 0
github.com/TykTechnologies/tyk-identity-broker/providers/saml.go:315.4,316.15 2 0
github.com/TykTechnologies/tyk-identity-broker/providers/saml.go:320.2,323.37 4 0
github.com/TykTechnologies/tyk-identity-broker/providers/saml.go:323.37,327.3 2 0
github.com/TykTechnologies/tyk-identity-broker/providers/saml.go:329.2,338.61 3 0
github.com/TykTechnologies/tyk-identity-broker/providers/saml.go:341.79,347.2 5 0
github.com/TykTechnologies/tyk-identity-broker/providers/saml.go:349.85,353.2 3 0
github.com/TykTechnologies/tyk-identity-broker/providers/saml.go:355.34,356.16 1 0
github.com/TykTechnologies/tyk-identity-broker/providers/saml.go:356.16,358.3 1 0
github.com/TykTechnologies/tyk-identity-broker/providers/saml.go:359.2,362.36 3 0
github.com/TykTechnologies/tyk-identity-broker/providers/saml.go:362.36,365.3 2 0
github.com/TykTechnologies/tyk-identity-broker/providers/saml.go:368.120,369.25 1 1
github.com/TykTechnologies/tyk-identity-broker/providers/saml.go:369.25,371.3 1 1
github.com/TykTechnologies/tyk-identity-broker/providers/saml.go:373.2,373.24 1 1
github.com/TykTechnologies/tyk-identity-broker/providers/saml.go:373.24,375.3 1 1
github.com/TykTechnologies/tyk-identity-broker/providers/saml.go:377.2,377.42 1 1
github.com/TykTechnologies/tyk-identity-broker/providers/saml.go:377.42,379.3 1 1
github.com/TykTechnologies/tyk-identity-broker/providers/saml.go:381.2,381.41 1 1
github.com/TykTechnologies/tyk-identity-broker/providers/saml.go:381.41,383.3 1 1
github.com/TykTechnologies/tyk-identity-broker/providers/saml.go:385.2,385.8 1 1
github.com/TykTechnologies/tyk-identity-broker/providers/saml.go:388.91,391.22 1 1
github.com/TykTechnologies/tyk-identity-broker/providers/saml.go:391.22,393.3 1 1
github.com/TykTechnologies/tyk-identity-broker/providers/saml.go:395.2,395.37 1 1
github.com/TykTechnologies/tyk-identity-broker/providers/saml.go:395.37,397.3 1 1
github.com/TykTechnologies/tyk-identity-broker/providers/saml.go:397.8,397.47 1 1
github.com/TykTechnologies/tyk-identity-broker/providers/saml.go:397.47,400.3 1 1
github.com/TykTechnologies/tyk-identity-broker/providers/saml.go:402.2,402.8 1 1
github.com/TykTechnologies/tyk-identity-broker/providers/social.go:72.32,74.2 1 0
github.com/TykTechnologies/tyk-identity-broker/providers/social.go:78.50,80.2 1 0
github.com/TykTechnologies/tyk-identity-broker/providers/social.go:83.37,85.2 1 0
github.com/TykTechnologies/tyk-identity-broker/providers/social.go:88.94,90.31 1 0
github.com/TykTechnologies/tyk-identity-broker/providers/social.go:90.31,94.3 3 0
github.com/TykTechnologies/tyk-identity-broker/providers/social.go:96.2,103.26 6 0
github.com/TykTechnologies/tyk-identity-broker/providers/social.go:103.26,105.3 1 0
github.com/TykTechnologies/tyk-identity-broker/providers/social.go:108.2,109.49 2 0
github.com/TykTechnologies/tyk-identity-broker/providers/social.go:109.49,110.24 1 0
github.com/TykTechnologies/tyk-identity-broker/providers/social.go:111.16,112.116 1 0
github.com/TykTechnologies/tyk-identity-broker/providers/social.go:114.17,115.117 1 0
github.com/TykTechnologies/tyk-identity-broker/providers/social.go:117.18,118.118 1 0
github.com/TykTechnologies/tyk-identity-broker/providers/social.go:120.19,121.119 1 0
github.com/TykTechnologies/tyk-identity-broker/providers/social.go:123.18,124.118 1 0
github.com/TykTechnologies/tyk-identity-broker/providers/social.go:126.23,127.123 1 0
github.com/TykTechnologies/tyk-identity-broker/providers/social.go:129.20,130.120 1 0
github.com/TykTechnologies/tyk-identity-broker/providers/social.go:132.21,133.121 1 0
github.com/TykTechnologies/tyk-identity-broker/providers/social.go:135.25,138.18 2 0
github.com/TykTechnologies/tyk-identity-broker/providers/social.go:138.18,141.5 2 0
github.com/TykTechnologies/tyk-identity-broker/providers/social.go:143.4,146.54 2 0
github.com/TykTechnologies/tyk-identity-broker/providers/social.go:146.54,148.5 1 0
github.com/TykTechnologies/tyk-identity-broker/providers/social.go:150.4,150.48 1 0
github.com/TykTechnologies/tyk-identity-broker/providers/social.go:154.2,155.12 2 0
github.com/TykTechnologies/tyk-identity-broker/providers/social.go:159.116,161.2 1 0
github.com/TykTechnologies/tyk-identity-broker/providers/social.go:163.59,167.48 3 0
github.com/TykTechnologies/tyk-identity-broker/providers/social.go:167.48,168.79 1 0
github.com/TykTechnologies/tyk-identity-broker/providers/social.go:168.79,170.4 1 0
github.com/TykTechnologies/tyk-identity-broker/providers/social.go:173.2,173.47 1 0
github.com/TykTechnologies/tyk-identity-broker/providers/social.go:173.47,175.3 1 0
github.com/TykTechnologies/tyk-identity-broker/providers/social.go:177.2,177.12 1 0
github.com/TykTechnologies/tyk-identity-broker/providers/social.go:181.201,184.16 2 0
github.com/TykTechnologies/tyk-identity-broker/providers/social.go:184.16,187.3 2 0
github.com/TykTechnologies/tyk-identity-broker/providers/social.go:189.2,190.26 2 0
github.com/TykTechnologies/tyk-identity-broker/providers/social.go:190.26,191.37 1 0
github.com/TykTechnologies/tyk-identity-broker/providers/social.go:191.37,194.4 2 0
github.com/TykTechnologies/tyk-identity-broker/providers/social.go:196.3,197.9 2 0
github.com/TykTechnologies/tyk-identity-broker/providers/social.go:202.2,202.57 1 0
github.com/TykTechnologies/tyk-identity-broker/providers/social.go:205.57,207.2 1 0
github.com/TykTechnologies/tyk-identity-broker/providers/social.go:209.69,211.2 1 0
github.com/TykTechnologies/tyk-identity-broker/providers/tapProvider.go:15.124,18.27 2 0
github.com/TykTechnologies/tyk-identity-broker/providers/tapProvider.go:19.32,20.27 1 0
github.com/TykTechnologies/tyk-identity-broker/providers/tapProvider.go:21.28,22.31 1 0
github.com/TykTechnologies/tyk-identity-broker/providers/tapProvider.go:23.31,24.34 1 0
github.com/TykTechnologies/tyk-identity-broker/providers/tapProvider.go:25.30,26.33 1 0
github.com/TykTechnologies/tyk-identity-broker/providers/tapProvider.go:27.10,28.50 1 0
github.com/TykTechnologies/tyk-identity-broker/providers/tapProvider.go:31.2,37.26 6 0
github.com/TykTechnologies/tyk-identity-broker/providers/tapProvider.go:41.124,44.14 2 0
github.com/TykTechnologies/tyk-identity-broker/providers/tapProvider.go:45.140,48.28 1 0
github.com/TykTechnologies/tyk-identity-broker/providers/tapProvider.go:51.2,51.28 1 0
github.com/TykTechnologies/tyk-identity-broker/providers/tapProvider.go:54.159,60.28 4 0
github.com/TykTechnologies/tyk-identity-broker/providers/tapProvider.go:60.28,67.3 2 0
github.com/TykTechnologies/tyk-identity-broker/providers/tapProvider.go:69.2,70.24 2 0
github.com/TykTechnologies/tyk-identity-broker/providers/tapProvider.go:70.24,77.3 2 0
github.com/TykTechnologies/tyk-identity-broker/providers/tapProvider.go:79.2,79.47 1 0
github.com/TykTechnologies/tyk-identity-broker/providers/tapProvider.go:83.48,85.16 2 0
github.com/TykTechnologies/tyk-identity-broker/providers/tapProvider.go:85.16,91.3 2 0
github.com/TykTechnologies/tyk-identity-broker/providers/tapProvider.go:92.2,92.17 1 0
github.com/TykTechnologies/tyk-identity-broker/providers/util_ba_extractor.go:9.80,14.27 5 0
github.com/TykTechnologies/tyk-identity-broker/providers/util_ba_extractor.go:14.27,16.20 2 0
github.com/TykTechnologies/tyk-identity-broker/providers/util_ba_extractor.go:16.20,19.25 2 0
github.com/TykTechnologies/tyk-identity-broker/providers/util_ba_extractor.go:19.25,22.5 2 0
github.com/TykTechnologies/tyk-identity-broker/providers/util_ba_extractor.go:26.2,26.18 1 0
github.com/TykTechnologies/tyk-identity-broker/providers/util_rand_string.go:8.13,10.2 1 1
github.com/TykTechnologies/tyk-identity-broker/providers/util_rand_string.go:14.36,16.19 2 1
github.com/TykTechnologies/tyk-identity-broker/providers/util_rand_string.go:16.19,18.3 1 1
github.com/TykTechnologies/tyk-identity-broker/providers/util_rand_string.go:19.2,19.18 1 1
github.com/TykTechnologies/tyk-identity-broker/providers/util_slug.go:26.28,29.40 3 0
github.com/TykTechnologies/tyk-identity-broker/providers/util_slug.go:29.40,30.10 1 0
github.com/TykTechnologies/tyk-identity-broker/providers/util_slug.go:32.32,34.15 2 0
github.com/TykTechnologies/tyk-identity-broker/providers/util_slug.go:35.32,35.32 0 0
github.com/TykTechnologies/tyk-identity-broker/providers/util_slug.go:37.13,39.16 2 0
github.com/TykTechnologies/tyk-identity-broker/providers/util_slug.go:42.2,42.48 1 0
github.com/TykTechnologies/tyk-identity-broker/providers/util_slug.go:42.48,44.3 1 0
github.com/TykTechnologies/tyk-identity-broker/providers/util_slug.go:45.2,45.20 1 0
github.com/TykTechnologies/tyk-identity-broker/providers/util_slug.go:52.33,61.40 3 0
github.com/TykTechnologies/tyk-identity-broker/providers/util_slug.go:61.40,62.10 1 0
github.com/TykTechnologies/tyk-identity-broker/providers/util_slug.go:63.32,66.16 3 0
github.com/TykTechnologies/tyk-identity-broker/providers/util_slug.go:66.16,67.22 1 0
github.com/TykTechnologies/tyk-identity-broker/providers/util_slug.go:67.22,69.6 1 0
github.com/TykTechnologies/tyk-identity-broker/providers/util_slug.go:70.5,72.18 3 0
github.com/TykTechnologies/tyk-identity-broker/providers/util_slug.go:73.10,74.15 1 0
github.com/TykTechnologies/tyk-identity-broker/providers/util_slug.go:74.15,76.6 1 0
github.com/TykTechnologies/tyk-identity-broker/providers/util_slug.go:77.5,78.17 2 0
github.com/TykTechnologies/tyk-identity-broker/providers/util_slug.go:80.4,81.28 2 0
github.com/TykTechnologies/tyk-identity-broker/providers/util_slug.go:82.32,82.32 0 0
github.com/TykTechnologies/tyk-identity-broker/providers/util_slug.go:84.13,87.16 3 0
github.com/TykTechnologies/tyk-identity-broker/providers/util_slug.go:90.2,90.48 1 0
github.com/TykTechnologies/tyk-identity-broker/providers/util_slug.go:90.48,92.3 1 0
github.com/TykTechnologies/tyk-identity-broker/providers/util_slug.go:93.2,93.20 1 0
github.com/TykTechnologies/tyk-identity-broker/providers/util_slug.go:97.33,99.22 2 0
github.com/TykTechnologies/tyk-identity-broker/providers/util_slug.go:99.22,100.10 1 0
github.com/TykTechnologies/tyk-identity-broker/providers/util_slug.go:101.17,102.12 1 0
github.com/TykTechnologies/tyk-identity-broker/providers/util_slug.go:102.12,104.5 1 0
github.com/TykTechnologies/tyk-identity-broker/providers/util_slug.go:105.4,105.15 1 0
github.com/TykTechnologies/tyk-identity-broker/providers/util_slug.go:106.51,107.16 1 0
github.com/TykTechnologies/tyk-identity-broker/providers/util_slug.go:108.11,109.16 1 0
github.com/TykTechnologies/tyk-identity-broker/providers/util_slug.go:112.2,112.14 1 0
